<?xml version="1.0" encoding="UTF-8"?>
<testng-results ignored="0" total="1" passed="1" failed="0" skipped="0">
  <reporter-output>
  </reporter-output>
  <suite started-at="2021-11-14T17:27:52 IST" name="Default suite" finished-at="2021-11-14T17:30:07 IST" duration-ms="134610">
    <groups>
      <group name="regression">
        <method signature="TC_51SearchOppUsingStartsWith.searchOppWithStartsWith()[pri:0, instance:com.vtiger.comcast.opportunitytest.TC_51SearchOppUsingStartsWith@35aea049]" name="searchOppWithStartsWith" class="com.vtiger.comcast.opportunitytest.TC_51SearchOppUsingStartsWith"/>
      </group> <!-- regression -->
    </groups>
    <test started-at="2021-11-14T17:27:52 IST" name="Default test" finished-at="2021-11-14T17:30:07 IST" duration-ms="134610">
      <class name="com.vtiger.comcast.opportunitytest.TC_51SearchOppUsingStartsWith">
        <test-method is-config="true" signature="connectDB()[pri:0, instance:com.vtiger.comcast.opportunitytest.TC_51SearchOppUsingStartsWith@35aea049]" started-at="2021-11-14T17:27:52 IST" name="connectDB" finished-at="2021-11-14T17:27:52 IST" duration-ms="12" status="PASS">
          <reporter-output>
          </reporter-output>
        </test-method> <!-- connectDB -->
        <test-method is-config="true" signature="launchBrowser(java.lang.String)[pri:0, instance:com.vtiger.comcast.opportunitytest.TC_51SearchOppUsingStartsWith@35aea049]" started-at="2021-11-14T17:27:53 IST" name="launchBrowser" finished-at="2021-11-14T17:28:27 IST" duration-ms="34765" status="PASS">
          <params>
            <param index="0">
              <value>
                <![CDATA[chrome]]>
              </value>
            </param>
          </params>
          <reporter-output>
          </reporter-output>
        </test-method> <!-- launchBrowser -->
        <test-method is-config="true" signature="logInToApp()[pri:0, instance:com.vtiger.comcast.opportunitytest.TC_51SearchOppUsingStartsWith@35aea049]" started-at="2021-11-14T17:28:28 IST" name="logInToApp" finished-at="2021-11-14T17:28:59 IST" duration-ms="31008" status="PASS">
          <reporter-output>
          </reporter-output>
        </test-method> <!-- logInToApp -->
        <test-method signature="searchOppWithStartsWith()[pri:0, instance:com.vtiger.comcast.opportunitytest.TC_51SearchOppUsingStartsWith@35aea049]" started-at="2021-11-14T17:28:59 IST" name="searchOppWithStartsWith" finished-at="2021-11-14T17:29:54 IST" duration-ms="55276" status="PASS">
          <reporter-output>
          </reporter-output>
        </test-method> <!-- searchOppWithStartsWith -->
        <test-method is-config="true" signature="logOutOfApp()[pri:0, instance:com.vtiger.comcast.opportunitytest.TC_51SearchOppUsingStartsWith@35aea049]" started-at="2021-11-14T17:29:54 IST" name="logOutOfApp" finished-at="2021-11-14T17:30:06 IST" duration-ms="12402" status="PASS">
          <reporter-output>
          </reporter-output>
        </test-method> <!-- logOutOfApp -->
        <test-method is-config="true" signature="closeBrowser()[pri:0, instance:com.vtiger.comcast.opportunitytest.TC_51SearchOppUsingStartsWith@35aea049]" started-at="2021-11-14T17:30:06 IST" name="closeBrowser" finished-at="2021-11-14T17:30:07 IST" duration-ms="329" status="PASS">
          <reporter-output>
          </reporter-output>
        </test-method> <!-- closeBrowser -->
        <test-method is-config="true" signature="closeDB()[pri:0, instance:com.vtiger.comcast.opportunitytest.TC_51SearchOppUsingStartsWith@35aea049]" started-at="2021-11-14T17:30:08 IST" name="closeDB" finished-at="2021-11-14T17:30:08 IST" duration-ms="0" status="PASS">
          <reporter-output>
          </reporter-output>
        </test-method> <!-- closeDB -->
      </class> <!-- com.vtiger.comcast.opportunitytest.TC_51SearchOppUsingStartsWith -->
    </test> <!-- Default test -->
  </suite> <!-- Default suite -->
</testng-results>
