<?xml version="1.0" encoding="UTF-8"?>
<!-- Generated by org.testng.reporters.JUnitXMLReporter -->
<testsuite ignored="4" hostname="VIPIN" failures="0" tests="3" name="Test1" time="237.421" errors="0" timestamp="2021-10-08T12:34:05 PDT">
  <testcase classname="com.vtiger.comcast.opportunitytest.TC_53SearchOppUsingDoesNotConatains" name="searchOppWithDoesNotContains" time="59.961"/>
  <testcase classname="com.vtiger.comcast.opportunitytest.TC_54SearchOppUsingAssignedTo" name="searchOppWithAssignedTo" time="48.015"/>
  <testcase classname="com.vtiger.comcast.opportunitytest.TC_56SearchOppUsingAssignedToNotEquals" name="searchOppUsingAssignedToNotEquals" time="46.869"/>
  <testcase classname="com.crm.vtiger.GenericUtils.BaseClass" name="@AfterSuite closeDB" time="0.0">
    <ignored/>
  </testcase> <!-- @AfterSuite closeDB -->
  <testcase classname="com.crm.vtiger.GenericUtils.BaseClass" name="@AfterSuite closeDB" time="0.0">
    <ignored/>
  </testcase> <!-- @AfterSuite closeDB -->
  <testcase classname="com.crm.vtiger.GenericUtils.BaseClass" name="@BeforeSuite connectDB" time="0.0">
    <ignored/>
  </testcase> <!-- @BeforeSuite connectDB -->
  <testcase classname="com.crm.vtiger.GenericUtils.BaseClass" name="@BeforeSuite connectDB" time="0.0">
    <ignored/>
  </testcase> <!-- @BeforeSuite connectDB -->
</testsuite> <!-- Test1 -->
