<?xml version="1.0" encoding="UTF-8"?>
<!-- Generated by org.testng.reporters.JUnitXMLReporter -->
<testsuite ignored="2" hostname="VIPIN" failures="0" tests="4" name="Test" time="57.932" errors="0" timestamp="2021-10-20T15:33:22 PDT">
  <testcase classname="practice.ContactTest" name="createContactTest" time="0.026"/>
  <testcase classname="practice.ContactTest" name="editContactTest" time="0.002"/>
  <testcase classname="practice.OrgTest" name="createOrgTest" time="0.003"/>
  <testcase classname="practice.OrgTest" name="editOrgTest" time="0.007"/>
  <testcase classname="com.crm.vtiger.GenericUtils.BaseClass" name="@AfterSuite closeDB" time="0.0">
    <ignored/>
  </testcase> <!-- @AfterSuite closeDB -->
  <testcase classname="com.crm.vtiger.GenericUtils.BaseClass" name="@BeforeSuite connectDB" time="0.0">
    <ignored/>
  </testcase> <!-- @BeforeSuite connectDB -->
</testsuite> <!-- Test -->
