<?xml version="1.0" encoding="UTF-8"?>
<!-- Generated by org.testng.reporters.JUnitXMLReporter -->
<testsuite ignored="4" hostname="VIPIN" failures="0" tests="3" name="Test2" time="237.566" errors="0" timestamp="2021-10-08T12:34:05 PDT">
  <testcase classname="com.vtiger.comcast.opportunitytest.TC_55SearchOppUsingAssignedToEquals" name="searchOppWithAssignedToEquals" time="59.875"/>
  <testcase classname="com.vtiger.comcast.opportunitytest.TC_51SearchOppUsingStartsWith" name="searchOppWithStartsWith" time="48.472"/>
  <testcase classname="com.vtiger.comcast.opportunitytest.TC_52SearchOppUsingContains" name="searchOppWithContains" time="46.272"/>
  <testcase classname="com.crm.vtiger.GenericUtils.BaseClass" name="@AfterSuite closeDB" time="0.0">
    <ignored/>
  </testcase> <!-- @AfterSuite closeDB -->
  <testcase classname="com.crm.vtiger.GenericUtils.BaseClass" name="@AfterSuite closeDB" time="0.0">
    <ignored/>
  </testcase> <!-- @AfterSuite closeDB -->
  <testcase classname="com.crm.vtiger.GenericUtils.BaseClass" name="@BeforeSuite connectDB" time="0.0">
    <ignored/>
  </testcase> <!-- @BeforeSuite connectDB -->
  <testcase classname="com.crm.vtiger.GenericUtils.BaseClass" name="@BeforeSuite connectDB" time="0.0">
    <ignored/>
  </testcase> <!-- @BeforeSuite connectDB -->
</testsuite> <!-- Test2 -->
